<?xml version="1.0" encoding="UTF-8"?>
<testsuite xmlns:xsi="http://www.w3.org/2001/XMLSchema-instance" xsi:noNamespaceSchemaLocation="https://maven.apache.org/surefire/maven-surefire-plugin/xsd/surefire-test-report-3.0.xsd" version="3.0" name="ShoppingCartAppTest" time="2.552" tests="22" errors="0" skipped="0" failures="0">
  <properties>
[...]
</properties>
  <testcase name="testAddProductWithEmptyName" classname="ShoppingCartAppTest" time="0.173"/>
  <testcase name="testGetProductByName" classname="ShoppingCartAppTest" time="1.889"/>
  <testcase name="testCartWithDifferentProductsAndOffers(CartTestData)[1]" classname="ShoppingCartAppTest" time="0.044"/>
  <testcase name="testCartWithDifferentProductsAndOffers(CartTestData)[2]" classname="ShoppingCartAppTest" time="0.007"/>
  <testcase name="testCartWithDifferentProductsAndOffers(CartTestData)[3]" classname="ShoppingCartAppTest" time="0.007"/>
  <testcase name="addSomeProducts" classname="ShoppingCartAppTest" time="0.005"/>
  <testcase name="testZeroSizeOnProductList" classname="ShoppingCartAppTest" time="0.006"/>
  <testcase name="createShoppingCartEmpty" classname="ShoppingCartAppTest" time="0.005"/>
  <testcase name="testAddProductWithNullName" classname="ShoppingCartAppTest" time="0.005"/>
  <testcase name="testApplyOfferIsCalled" classname="ShoppingCartAppTest" time="0.184"/>
  <testcase name="testTemporaryFolder" classname="ShoppingCartAppTest" time="0.009">
    <system-out><![CDATA[Temp directory: C:\Users\crme276\AppData\Local\Temp\junit18008010286948803521
Created file: C:\Users\crme276\AppData\Local\Temp\junit18008010286948803521\createdFile.txt
]]></system-out>
  </testcase>
  <testcase name="testGetProductByNameNotFound" classname="ShoppingCartAppTest" time="0.006"/>
  <testcase name="testApplyBuyOneGetFiftyPercentDiscountOnNextOfferToTheCart" classname="ShoppingCartAppTest" time="0.004"/>
  <testcase name="totalCartValueZero" classname="ShoppingCartAppTest" time="0.003"/>
  <testcase name="testAddMultipleQuantityOfAProductAndApplyOfferToCart" classname="ShoppingCartAppTest" time="0.006"/>
  <testcase name="dynamicCartTests" classname="ShoppingCartAppTest" time="0.004"/>
  <testcase name="dynamicCartTests" classname="ShoppingCartAppTest" time="0.001"/>
  <testcase name="dynamicCartTests" classname="ShoppingCartAppTest" time="0.001"/>
  <testcase name="addDifferentProductsAndAppyOfferToTheCart" classname="ShoppingCartAppTest" time="0.004"/>
  <testcase name="testApplyOfferWithFreeItems" classname="ShoppingCartAppTest" time="0.003"/>
  <testcase name="addSingleProduct" classname="ShoppingCartAppTest" time="0.003"/>
  <testcase name="testApplyBuyOneGetFiftyPercentDiscountOnNextOfferToTheMultipleProductsInCart" classname="ShoppingCartAppTest" time="0.005"/>
</testsuite>