GROUP,PACKAGE,CLASS,INSTRUCTION_MISSED,INSTRUCTION_COVERED,BRANCH_MISSED,BRANCH_COVERED,LINE_MISSED,LINE_COVERED,COMPLEXITY_MISSED,COMPLEXITY_COVERED,METHOD_MISSED,METHOD_COVERED
shopping-cart-tests/shopping-cart-model,default,ShoppingCart,0,97,0,16,0,22,0,14,0,6
shopping-cart-tests/shopping-cart-model,dto,Product,0,25,0,0,0,10,0,5,0,5
shopping-cart-tests/shopping-cart-offers,default,BuyXItemGetYitem,0,42,0,2,0,10,0,3,0,2
shopping-cart-tests/shopping-cart-offers,default,NoOffer,0,4,0,0,0,2,0,2,0,2
shopping-cart-tests/shopping-cart-offers,default,DiscountOnNextItemOffer,0,36,0,2,0,11,0,3,0,2
